<?xml version="1.0" encoding="UTF-8" ?>
<testsuite tests="36" failures="0" name="org.uma.jmetal.util.front.imp.FrontUtilsTest" time="0.022" errors="0" skipped="0">
  <properties>
    <property name="java.runtime.name" value="OpenJDK Runtime Environment"/>
    <property name="sun.boot.library.path" value="/usr/lib/jvm/java-8-openjdk-amd64/jre/lib/amd64"/>
    <property name="java.vm.version" value="25.151-b12"/>
    <property name="java.vm.vendor" value="Oracle Corporation"/>
    <property name="maven.multiModuleProjectDirectory" value="/home/ubuntu/jMetal"/>
    <property name="java.vendor.url" value="http://java.oracle.com/"/>
    <property name="path.separator" value=":"/>
    <property name="guice.disable.misplaced.annotation.check" value="true"/>
    <property name="java.vm.name" value="OpenJDK 64-Bit Server VM"/>
    <property name="file.encoding.pkg" value="sun.io"/>
    <property name="user.country" value="US"/>
    <property name="sun.java.launcher" value="SUN_STANDARD"/>
    <property name="sun.os.patch.level" value="unknown"/>
    <property name="java.vm.specification.name" value="Java Virtual Machine Specification"/>
    <property name="user.dir" value="/home/ubuntu/jMetal"/>
    <property name="java.runtime.version" value="1.8.0_151-8u151-b12-0ubuntu0.16.04.2-b12"/>
    <property name="java.awt.graphicsenv" value="sun.awt.X11GraphicsEnvironment"/>
    <property name="java.endorsed.dirs" value="/usr/lib/jvm/java-8-openjdk-amd64/jre/lib/endorsed"/>
    <property name="os.arch" value="amd64"/>
    <property name="java.io.tmpdir" value="/tmp"/>
    <property name="line.separator" value="
"/>
    <property name="java.vm.specification.vendor" value="Oracle Corporation"/>
    <property name="os.name" value="Linux"/>
    <property name="classworlds.conf" value="/usr/local/share/maven/bin/m2.conf"/>
    <property name="sun.jnu.encoding" value="ANSI_X3.4-1968"/>
    <property name="java.library.path" value="/usr/java/packages/lib/amd64:/usr/lib/x86_64-linux-gnu/jni:/lib/x86_64-linux-gnu:/usr/lib/x86_64-linux-gnu:/usr/lib/jni:/lib:/usr/lib"/>
    <property name="java.specification.name" value="Java Platform API Specification"/>
    <property name="java.class.version" value="52.0"/>
    <property name="sun.management.compiler" value="HotSpot 64-Bit Tiered Compilers"/>
    <property name="os.version" value="4.4.0-104-generic"/>
    <property name="user.home" value="/home/ubuntu"/>
    <property name="user.timezone" value="Europe/Paris"/>
    <property name="java.awt.printerjob" value="sun.print.PSPrinterJob"/>
    <property name="file.encoding" value="ANSI_X3.4-1968"/>
    <property name="java.specification.version" value="1.8"/>
    <property name="user.name" value="ubuntu"/>
    <property name="java.class.path" value="/usr/local/share/maven/boot/plexus-classworlds-2.5.2.jar"/>
    <property name="java.vm.specification.version" value="1.8"/>
    <property name="sun.arch.data.model" value="64"/>
    <property name="java.home" value="/usr/lib/jvm/java-8-openjdk-amd64/jre"/>
    <property name="sun.java.command" value="org.codehaus.plexus.classworlds.launcher.Launcher package"/>
    <property name="java.specification.vendor" value="Oracle Corporation"/>
    <property name="user.language" value="en"/>
    <property name="awt.toolkit" value="sun.awt.X11.XToolkit"/>
    <property name="java.vm.info" value="mixed mode"/>
    <property name="java.version" value="1.8.0_151"/>
    <property name="java.ext.dirs" value="/usr/lib/jvm/java-8-openjdk-amd64/jre/lib/ext:/usr/java/packages/lib/ext"/>
    <property name="securerandom.source" value="file:/dev/./urandom"/>
    <property name="sun.boot.class.path" value="/usr/lib/jvm/java-8-openjdk-amd64/jre/lib/resources.jar:/usr/lib/jvm/java-8-openjdk-amd64/jre/lib/rt.jar:/usr/lib/jvm/java-8-openjdk-amd64/jre/lib/sunrsasign.jar:/usr/lib/jvm/java-8-openjdk-amd64/jre/lib/jsse.jar:/usr/lib/jvm/java-8-openjdk-amd64/jre/lib/jce.jar:/usr/lib/jvm/java-8-openjdk-amd64/jre/lib/charsets.jar:/usr/lib/jvm/java-8-openjdk-amd64/jre/lib/jfr.jar:/usr/lib/jvm/java-8-openjdk-amd64/jre/classes"/>
    <property name="java.vendor" value="Oracle Corporation"/>
    <property name="maven.home" value="/usr/local/share/maven"/>
    <property name="file.separator" value="/"/>
    <property name="java.vendor.url.bug" value="http://bugreport.sun.com/bugreport/"/>
    <property name="sun.cpu.endian" value="little"/>
    <property name="sun.io.unicode.encoding" value="UnicodeLittle"/>
    <property name="sun.cpu.isalist" value=""/>
  </properties>
  <testcase classname="org.uma.jmetal.util.front.imp.FrontUtilsTest" name="shouldConvertFrontToArrayRaiseAnExceptionIfTheFrontIsNull" time="0"/>
  <testcase classname="org.uma.jmetal.util.front.imp.FrontUtilsTest" name="shouldDistanceToNearestPointRaiseAnExceptionIfTheFrontIsNull" time="0.001"/>
  <testcase classname="org.uma.jmetal.util.front.imp.FrontUtilsTest" name="shouldGetMinimumValuesWithAFrontWithOnePointReturnTheCorrectValue" time="0.008"/>
  <testcase classname="org.uma.jmetal.util.front.imp.FrontUtilsTest" name="shouldConvertFrontToSolutionListRaiseAnExceptionIfTheFrontIsNull" time="0"/>
  <testcase classname="org.uma.jmetal.util.front.imp.FrontUtilsTest" name="shouldDistanceToNearestPointReturnTheCorrectValueIfTheFrontHasHasOnePoint" time="0"/>
  <testcase classname="org.uma.jmetal.util.front.imp.FrontUtilsTest" name="shouldConvertFrontToSolutionListReturnTheCorrectListCaseA" time="0.001"/>
  <testcase classname="org.uma.jmetal.util.front.imp.FrontUtilsTest" name="shouldConvertFrontToSolutionListReturnTheCorrectListCaseB" time="0"/>
  <testcase classname="org.uma.jmetal.util.front.imp.FrontUtilsTest" name="shouldDistanceToNearestPointReturnMaxDoubleIfThePointIsTheOnlyPointInTheFront" time="0"/>
  <testcase classname="org.uma.jmetal.util.front.imp.FrontUtilsTest" name="shouldDistanceToNearestPointReturnTheCorrectValueIfTheFrontHasTwoPointsCaseA" time="0"/>
  <testcase classname="org.uma.jmetal.util.front.imp.FrontUtilsTest" name="shouldGetMaximumValuesWithAFrontWithThreePointReturnTheCorrectValue" time="0"/>
  <testcase classname="org.uma.jmetal.util.front.imp.FrontUtilsTest" name="shouldGetMaximumValuesRaiseAnExceptionIfTheFrontIsEmpty" time="0"/>
  <testcase classname="org.uma.jmetal.util.front.imp.FrontUtilsTest" name="shouldGetInvertedFrontRaiseAnExceptionIfTheFrontIsEmpty" time="0"/>
  <testcase classname="org.uma.jmetal.util.front.imp.FrontUtilsTest" name="shouldDistanceToNearestPointClosestTheCorrectValueIfTheFrontHasTwoPointsCaseA" time="0.001"/>
  <testcase classname="org.uma.jmetal.util.front.imp.FrontUtilsTest" name="shouldDistanceToNearestPointClosestTheCorrectValueIfTheFrontHasTwoPointsCaseB" time="0"/>
  <testcase classname="org.uma.jmetal.util.front.imp.FrontUtilsTest" name="shouldDistanceToNearestPointClosestTheCorrectValueIfTheFrontHasTwoPointsCaseC" time="0"/>
  <testcase classname="org.uma.jmetal.util.front.imp.FrontUtilsTest" name="shouldConvertFrontToArrayReturnTheCorrectArrayCaseA" time="0"/>
  <testcase classname="org.uma.jmetal.util.front.imp.FrontUtilsTest" name="shouldConvertFrontToArrayReturnTheCorrectArrayCaseB" time="0.001"/>
  <testcase classname="org.uma.jmetal.util.front.imp.FrontUtilsTest" name="shouldGetMinimumValuesWithAFrontWithThreePointReturnTheCorrectValue" time="0"/>
  <testcase classname="org.uma.jmetal.util.front.imp.FrontUtilsTest" name="shouldDistanceToClosestPointRaiseAnExceptionIfThePointIsNull" time="0.001"/>
  <testcase classname="org.uma.jmetal.util.front.imp.FrontUtilsTest" name="shouldDistanceToClosestPointReturnMaxZeroIfThePointIsTheOnlyPointInTheFront" time="0"/>
  <testcase classname="org.uma.jmetal.util.front.imp.FrontUtilsTest" name="shouldDistanceToNearestPointRaiseAnExceptionIfTheFrontIsEmpty" time="0"/>
  <testcase classname="org.uma.jmetal.util.front.imp.FrontUtilsTest" name="shouldGetInvertedFrontReturnTheCorrectFrontIfItComposedOfFourPoints" time="0.001"/>
  <testcase classname="org.uma.jmetal.util.front.imp.FrontUtilsTest" name="shouldGetInvertedFrontRaiseAnExceptionIfTheFrontIsNull" time="0"/>
  <testcase classname="org.uma.jmetal.util.front.imp.FrontUtilsTest" name="shouldConvertFrontToArrayReturnAnEmptyArrayIfTheFrontIsEmpty" time="0"/>
  <testcase classname="org.uma.jmetal.util.front.imp.FrontUtilsTest" name="shouldGetMinimumValuesRaiseAnExceptionIfTheFrontIsEmpty" time="0.001"/>
  <testcase classname="org.uma.jmetal.util.front.imp.FrontUtilsTest" name="shouldDistanceToNearestPointRaiseAnExceptionIfThePointIsNull" time="0.001"/>
  <testcase classname="org.uma.jmetal.util.front.imp.FrontUtilsTest" name="shouldGetMaximumValuesRaiseAnExceptionIfTheFrontIsNull" time="0"/>
  <testcase classname="org.uma.jmetal.util.front.imp.FrontUtilsTest" name="shouldConvertFrontToSolutionListReturnAnEmptyListIfTheFrontIsEmpty" time="0.001"/>
  <testcase classname="org.uma.jmetal.util.front.imp.FrontUtilsTest" name="shouldGetInvertedFrontReturnTheCorrectFrontIfItComposedOfOnePointCaseA" time="0"/>
  <testcase classname="org.uma.jmetal.util.front.imp.FrontUtilsTest" name="shouldGetInvertedFrontReturnTheCorrectFrontIfItComposedOfOnePointCaseB" time="0"/>
  <testcase classname="org.uma.jmetal.util.front.imp.FrontUtilsTest" name="shouldGetInvertedFrontReturnTheCorrectFrontIfItComposedOfOnePointCaseC" time="0"/>
  <testcase classname="org.uma.jmetal.util.front.imp.FrontUtilsTest" name="shouldDistanceToClosestPointRaiseAnExceptionIfTheFrontIsEmpty" time="0"/>
  <testcase classname="org.uma.jmetal.util.front.imp.FrontUtilsTest" name="shouldGetMinimumValuesRaiseAnExceptionIfTheFrontIsNull" time="0"/>
  <testcase classname="org.uma.jmetal.util.front.imp.FrontUtilsTest" name="shouldGetMaximumValuesWithAFrontWithOnePointReturnTheCorrectValue" time="0"/>
  <testcase classname="org.uma.jmetal.util.front.imp.FrontUtilsTest" name="shouldDistanceToClosestPointRaiseAnExceptionIfTheFrontIsNull" time="0"/>
  <testcase classname="org.uma.jmetal.util.front.imp.FrontUtilsTest" name="shouldDistanceToClosestPointReturnTheCorrectValueIfTheFrontHasHasOnePoint" time="0.005"/>
</testsuite>